2026-03-19 00:00:33,337 [INFO] 处理：C:\Users\Administrator\Desktop\nassync\A\BP\WAFER_MAP\G39S94.zip
2026-03-19 00:00:39,353 [INFO] 完成：C:\Users\Administrator\Desktop\nassync\A\BP\WAFER_MAP\G39S94.zip
2026-03-19 00:00:39,353 [INFO] 处理：C:\Users\Administrator\Desktop\nassync\A\BP\WAFER_MAP\G39S95.zip
2026-03-19 00:00:45,373 [INFO] 完成：C:\Users\Administrator\Desktop\nassync\A\BP\WAFER_MAP\G39S95.zip
2026-03-19 00:00:45,374 [INFO] 跳过（不符合规则）：C:\Users\Administrator\Desktop\nassync\A\BP\WAFER_MAP\BACKUP\G39S94.zip
2026-03-19 00:00:45,374 [INFO] 跳过（不符合规则）：C:\Users\Administrator\Desktop\nassync\A\BP\WAFER_MAP\BACKUP\G39S95.zip
2026-03-19 00:00:45,375 [INFO] 处理：C:\Users\Administrator\Desktop\nassync\A\FBP\WAFER_MAP\G39S96.zip
2026-03-19 00:00:51,393 [INFO] 完成：C:\Users\Administrator\Desktop\nassync\A\FBP\WAFER_MAP\G39S96.zip
2026-03-19 00:00:51,394 [INFO] 跳过（不符合规则）：C:\Users\Administrator\Desktop\nassync\A\FBP\WAFER_MAP\BACKUP\G39S96.zip
2026-03-19 00:00:51,395 [INFO] 启动监听...
2026-03-19 00:04:04,012 [INFO] 处理：C:\Users\Administrator\Desktop\nassync\A\FBP\WAFER_MAP\G39S96.zip
2026-03-19 00:04:10,026 [INFO] 完成：C:\Users\Administrator\Desktop\nassync\A\FBP\WAFER_MAP\G39S96.zip
2026-03-19 00:04:10,027 [INFO] 处理：C:\Users\Administrator\Desktop\nassync\A\FBP\WAFER_MAP\G39S96.zip
2026-03-19 00:04:10,027 [ERROR] 处理失败：C:\Users\Administrator\Desktop\nassync\A\FBP\WAFER_MAP\G39S96.zip, err=文件未稳定
Traceback (most recent call last):
  File "C:\Users\Administrator\Desktop\nassync\main.py", line 180, in process
    self._process(path)
  File "C:\Users\Administrator\Desktop\nassync\main.py", line 192, in _process
    raise Exception("文件未稳定")
Exception: 文件未稳定
2026-03-19 00:04:10,028 [INFO] 跳过（不符合规则）：C:\Users\Administrator\Desktop\nassync\A\FBP\WAFER_MAP\BACKUP\G39S96.zip
2026-03-19 00:04:10,028 [INFO] 跳过（不符合规则）：C:\Users\Administrator\Desktop\nassync\A\FBP\WAFER_MAP\BACKUP\G39S96.zip
2026-03-19 00:04:17,984 [INFO] 跳过（不符合规则）：C:\Users\Administrator\Desktop\nassync\A\BP\WAFER_MAP\BACKUP\G39S94.zip
2026-03-19 00:04:17,984 [INFO] 跳过（不符合规则）：C:\Users\Administrator\Desktop\nassync\A\BP\WAFER_MAP\BACKUP\G39S95.zip
2026-03-19 00:04:17,985 [INFO] 跳过（不符合规则）：C:\Users\Administrator\Desktop\nassync\A\FBP\WAFER_MAP\BACKUP\G39S96.zip
2026-03-19 00:04:17,991 [INFO] 启动监听...
2026-03-19 00:04:42,595 [INFO] 跳过（不符合规则）：C:\Users\Administrator\Desktop\nassync\A\FBP\WAFER_MAP\BACKUP\G39S96.zip
2026-03-19 00:05:03,786 [INFO] 跳过（不符合规则）：C:\Users\Administrator\Desktop\nassync\A\FBP\WAFER_MAP\BACKUP\G39S96 - 副本.zip
2026-03-19 00:05:03,786 [INFO] 跳过（不符合规则）：C:\Users\Administrator\Desktop\nassync\A\FBP\WAFER_MAP\BACKUP\G39S96 - 副本.zip
2026-03-19 00:05:03,786 [INFO] 跳过（不符合规则）：C:\Users\Administrator\Desktop\nassync\A\FBP\WAFER_MAP\BACKUP\G39S96 - 副本.zip
2026-03-19 00:05:05,102 [INFO] 跳过（不符合规则）：C:\Users\Administrator\Desktop\nassync\A\FBP\WAFER_MAP\BACKUP\G39S96 - 副本.zip
2026-03-19 00:05:10,011 [INFO] 跳过（不符合规则）：C:\Users\Administrator\Desktop\nassync\A\FBP\WAFER_MAP\BACKUP\G39S97.zip
2026-03-19 00:05:10,011 [INFO] 跳过（不符合规则）：C:\Users\Administrator\Desktop\nassync\A\FBP\WAFER_MAP\BACKUP\G39S97.zip
2026-03-19 00:05:11,931 [INFO] 处理：C:\Users\Administrator\Desktop\nassync\A\FBP\WAFER_MAP\G39S97.zip
2026-03-19 00:05:17,952 [INFO] 完成：C:\Users\Administrator\Desktop\nassync\A\FBP\WAFER_MAP\G39S97.zip
2026-03-19 00:05:17,952 [INFO] 处理：C:\Users\Administrator\Desktop\nassync\A\FBP\WAFER_MAP\G39S97.zip
2026-03-19 00:05:17,952 [ERROR] 处理失败：C:\Users\Administrator\Desktop\nassync\A\FBP\WAFER_MAP\G39S97.zip, err=文件未稳定
Traceback (most recent call last):
  File "C:\Users\Administrator\Desktop\nassync\main.py", line 180, in process
    self._process(path)
  File "C:\Users\Administrator\Desktop\nassync\main.py", line 192, in _process
    raise Exception("文件未稳定")
Exception: 文件未稳定
2026-03-19 00:05:17,954 [INFO] 跳过（不符合规则）：C:\Users\Administrator\Desktop\nassync\A\FBP\WAFER_MAP\BACKUP\G39S97.zip
2026-03-19 00:05:17,954 [INFO] 跳过（不符合规则）：C:\Users\Administrator\Desktop\nassync\A\FBP\WAFER_MAP\BACKUP\G39S97.zip
2026-03-19 00:08:33,674 [INFO] 跳过（不符合规则）：C:\Users\Administrator\Desktop\nassync\A\BP\WAFER_MAP\BACKUP\G39S94.zip
2026-03-19 00:08:33,674 [INFO] 跳过（不符合规则）：C:\Users\Administrator\Desktop\nassync\A\BP\WAFER_MAP\BACKUP\G39S95.zip
2026-03-19 00:08:33,675 [INFO] 跳过（不符合规则）：C:\Users\Administrator\Desktop\nassync\A\FBP\WAFER_MAP\BACKUP\G39S96.zip
2026-03-19 00:08:33,675 [INFO] 跳过（不符合规则）：C:\Users\Administrator\Desktop\nassync\A\FBP\WAFER_MAP\BACKUP\G39S97.zip
2026-03-19 00:08:33,675 [INFO] 启动监听...
2026-03-19 00:08:40,440 [INFO] 跳过（不符合规则）：C:\Users\Administrator\Desktop\nassync\A\FBP\WAFER_MAP\BACKUP\G39S97 - 副本.zip
2026-03-19 00:08:40,440 [INFO] 跳过（不符合规则）：C:\Users\Administrator\Desktop\nassync\A\FBP\WAFER_MAP\BACKUP\G39S97 - 副本.zip
2026-03-19 00:08:40,440 [INFO] 跳过（不符合规则）：C:\Users\Administrator\Desktop\nassync\A\FBP\WAFER_MAP\BACKUP\G39S97 - 副本.zip
2026-03-19 00:08:45,065 [INFO] 跳过（不符合规则）：C:\Users\Administrator\Desktop\nassync\A\FBP\WAFER_MAP\BACKUP\G39S98.zip
2026-03-19 00:08:45,066 [INFO] 跳过（不符合规则）：C:\Users\Administrator\Desktop\nassync\A\FBP\WAFER_MAP\BACKUP\G39S98.zip
2026-03-19 00:08:47,845 [INFO] 处理：C:\Users\Administrator\Desktop\nassync\A\FBP\WAFER_MAP\G39S98.zip
2026-03-19 00:08:53,868 [INFO] 完成：C:\Users\Administrator\Desktop\nassync\A\FBP\WAFER_MAP\G39S98.zip
2026-03-19 00:08:53,869 [INFO] 跳过（文件不存在，可能已处理）：C:\Users\Administrator\Desktop\nassync\A\FBP\WAFER_MAP\G39S98.zip
2026-03-19 00:08:53,869 [INFO] 跳过（不符合规则）：C:\Users\Administrator\Desktop\nassync\A\FBP\WAFER_MAP\BACKUP\G39S98.zip
2026-03-19 00:08:53,869 [INFO] 跳过（不符合规则）：C:\Users\Administrator\Desktop\nassync\A\FBP\WAFER_MAP\BACKUP\G39S98.zip
2026-03-19 00:10:30,027 [INFO] 跳过（不符合规则）：C:\Users\Administrator\Desktop\nassync\A\BP\WAFER_MAP\BACKUP\G39S95 - 副本.zip
2026-03-19 00:10:30,027 [INFO] 跳过（不符合规则）：C:\Users\Administrator\Desktop\nassync\A\BP\WAFER_MAP\BACKUP\G39S95 - 副本.zip
2026-03-19 00:10:30,028 [INFO] 跳过（不符合规则）：C:\Users\Administrator\Desktop\nassync\A\BP\WAFER_MAP\BACKUP\G39S95 - 副本.zip
2026-03-19 00:10:35,584 [INFO] 跳过（不符合规则）：C:\Users\Administrator\Desktop\nassync\A\BP\WAFER_MAP\BACKUP\G39S99.zip
2026-03-19 00:10:35,585 [INFO] 跳过（不符合规则）：C:\Users\Administrator\Desktop\nassync\A\BP\WAFER_MAP\BACKUP\G39S99.zip
2026-03-19 00:10:37,568 [INFO] 处理：C:\Users\Administrator\Desktop\nassync\A\BP\WAFER_MAP\G39S99.zip
2026-03-19 00:10:43,586 [INFO] 完成：C:\Users\Administrator\Desktop\nassync\A\BP\WAFER_MAP\G39S99.zip
2026-03-19 00:10:43,586 [INFO] 跳过（文件不存在，可能已处理）：C:\Users\Administrator\Desktop\nassync\A\BP\WAFER_MAP\G39S99.zip
2026-03-19 00:10:43,587 [INFO] 跳过（不符合规则）：C:\Users\Administrator\Desktop\nassync\A\BP\WAFER_MAP\BACKUP\G39S99.zip
2026-03-19 00:10:43,587 [INFO] 跳过（不符合规则）：C:\Users\Administrator\Desktop\nassync\A\BP\WAFER_MAP\BACKUP\G39S99.zip
2026-03-19 00:10:46,848 [INFO] 跳过（不符合规则）：C:\Users\Administrator\Desktop\nassync\A\BP\WAFER_MAP\BACKUP\G39S94.zip
2026-03-19 00:10:46,848 [INFO] 跳过（不符合规则）：C:\Users\Administrator\Desktop\nassync\A\BP\WAFER_MAP\BACKUP\G39S95.zip
2026-03-19 00:10:46,848 [INFO] 跳过（不符合规则）：C:\Users\Administrator\Desktop\nassync\A\BP\WAFER_MAP\BACKUP\G39S99.zip
2026-03-19 00:10:46,849 [INFO] 跳过（不符合规则）：C:\Users\Administrator\Desktop\nassync\A\FBP\WAFER_MAP\BACKUP\G39S96.zip
2026-03-19 00:10:46,849 [INFO] 跳过（不符合规则）：C:\Users\Administrator\Desktop\nassync\A\FBP\WAFER_MAP\BACKUP\G39S97.zip
2026-03-19 00:10:46,849 [INFO] 跳过（不符合规则）：C:\Users\Administrator\Desktop\nassync\A\FBP\WAFER_MAP\BACKUP\G39S98.zip
2026-03-19 00:10:46,851 [INFO] 启动监听...
2026-03-19 00:10:55,230 [INFO] 跳过（不符合规则）：C:\Users\Administrator\Desktop\nassync\A\BP\WAFER_MAP\BACKUP\G39S99 - 副本.zip
2026-03-19 00:10:55,230 [INFO] 跳过（不符合规则）：C:\Users\Administrator\Desktop\nassync\A\BP\WAFER_MAP\BACKUP\G39S99 - 副本.zip
2026-03-19 00:10:55,231 [INFO] 跳过（不符合规则）：C:\Users\Administrator\Desktop\nassync\A\BP\WAFER_MAP\BACKUP\G39S99 - 副本.zip
2026-03-19 00:11:03,792 [INFO] 跳过（不符合规则）：C:\Users\Administrator\Desktop\nassync\A\BP\WAFER_MAP\BACKUP\G39S23.zip
2026-03-19 00:11:03,793 [INFO] 跳过（不符合规则）：C:\Users\Administrator\Desktop\nassync\A\BP\WAFER_MAP\BACKUP\G39S23.zip
2026-03-19 00:11:06,827 [INFO] 处理：C:\Users\Administrator\Desktop\nassync\A\BP\WAFER_MAP\G39S23.zip
2026-03-19 00:12:57,386 [INFO] 完成：C:\Users\Administrator\Desktop\nassync\A\BP\WAFER_MAP\G39S23.zip
2026-03-19 00:12:57,387 [INFO] 跳过（文件不存在，可能已处理）：C:\Users\Administrator\Desktop\nassync\A\BP\WAFER_MAP\G39S23.zip
2026-03-19 00:12:57,387 [INFO] 跳过（不符合规则）：C:\Users\Administrator\Desktop\nassync\A\BP\WAFER_MAP\BACKUP\G39S23.zip
2026-03-19 00:12:57,387 [INFO] 跳过（不符合规则）：C:\Users\Administrator\Desktop\nassync\A\BP\WAFER_MAP\BACKUP\G39S23.zip
2026-03-19 00:13:03,212 [INFO] 跳过（不符合规则）：C:\Users\Administrator\Desktop\nassync\A\BP\WAFER_MAP\BACKUP\G39S94 - 副本.zip
2026-03-19 00:13:03,212 [INFO] 跳过（不符合规则）：C:\Users\Administrator\Desktop\nassync\A\BP\WAFER_MAP\BACKUP\G39S94 - 副本.zip
2026-03-19 00:13:03,213 [INFO] 跳过（不符合规则）：C:\Users\Administrator\Desktop\nassync\A\BP\WAFER_MAP\BACKUP\G39S94 - 副本.zip
2026-03-19 00:13:06,695 [INFO] 跳过（不符合规则）：C:\Users\Administrator\Desktop\nassync\A\BP\WAFER_MAP\BACKUP\G39S88.zip
2026-03-19 00:13:06,697 [INFO] 跳过（不符合规则）：C:\Users\Administrator\Desktop\nassync\A\BP\WAFER_MAP\BACKUP\G39S88.zip
2026-03-19 00:13:12,252 [INFO] 处理：C:\Users\Administrator\Desktop\nassync\A\BP\WAFER_MAP\G39S88.zip
2026-03-19 00:17:07,847 [INFO] 处理：C:\Users\Administrator\Desktop\nassync\A\BP\WAFER_MAP\G39S88.zip
2026-03-19 00:17:13,872 [INFO] 完成：C:\Users\Administrator\Desktop\nassync\A\BP\WAFER_MAP\G39S88.zip
2026-03-19 00:17:13,873 [INFO] 跳过（不符合规则）：C:\Users\Administrator\Desktop\nassync\A\BP\WAFER_MAP\BACKUP\G39S23.zip
2026-03-19 00:17:13,873 [INFO] 跳过（不符合规则）：C:\Users\Administrator\Desktop\nassync\A\BP\WAFER_MAP\BACKUP\G39S88.zip
2026-03-19 00:17:13,873 [INFO] 跳过（不符合规则）：C:\Users\Administrator\Desktop\nassync\A\BP\WAFER_MAP\BACKUP\G39S94.zip
2026-03-19 00:17:13,873 [INFO] 跳过（不符合规则）：C:\Users\Administrator\Desktop\nassync\A\BP\WAFER_MAP\BACKUP\G39S95.zip
2026-03-19 00:17:13,873 [INFO] 跳过（不符合规则）：C:\Users\Administrator\Desktop\nassync\A\BP\WAFER_MAP\BACKUP\G39S99.zip
2026-03-19 00:17:13,874 [INFO] 跳过（不符合规则）：C:\Users\Administrator\Desktop\nassync\A\FBP\WAFER_MAP\BACKUP\G39S96.zip
2026-03-19 00:17:13,874 [INFO] 跳过（不符合规则）：C:\Users\Administrator\Desktop\nassync\A\FBP\WAFER_MAP\BACKUP\G39S97.zip
2026-03-19 00:17:13,874 [INFO] 跳过（不符合规则）：C:\Users\Administrator\Desktop\nassync\A\FBP\WAFER_MAP\BACKUP\G39S98.zip
2026-03-19 00:17:13,875 [INFO] 启动监听...
2026-03-19 00:23:52,121 [INFO] 跳过（不符合规则）：C:\Users\Administrator\Desktop\nassync\A\BP\WAFER_MAP\BACKUP\G39S23.zip
2026-03-19 00:23:52,121 [INFO] 跳过（不符合规则）：C:\Users\Administrator\Desktop\nassync\A\BP\WAFER_MAP\BACKUP\G39S88.zip
2026-03-19 00:23:52,121 [INFO] 跳过（不符合规则）：C:\Users\Administrator\Desktop\nassync\A\BP\WAFER_MAP\BACKUP\G39S94.zip
2026-03-19 00:23:52,121 [INFO] 跳过（不符合规则）：C:\Users\Administrator\Desktop\nassync\A\BP\WAFER_MAP\BACKUP\G39S95.zip
2026-03-19 00:23:52,121 [INFO] 跳过（不符合规则）：C:\Users\Administrator\Desktop\nassync\A\BP\WAFER_MAP\BACKUP\G39S99.zip
2026-03-19 00:23:52,122 [INFO] 跳过（不符合规则）：C:\Users\Administrator\Desktop\nassync\A\FBP\WAFER_MAP\BACKUP\G39S96.zip
2026-03-19 00:23:52,122 [INFO] 跳过（不符合规则）：C:\Users\Administrator\Desktop\nassync\A\FBP\WAFER_MAP\BACKUP\G39S97.zip
2026-03-19 00:23:52,122 [INFO] 跳过（不符合规则）：C:\Users\Administrator\Desktop\nassync\A\FBP\WAFER_MAP\BACKUP\G39S98.zip
2026-03-19 00:23:52,123 [INFO] 启动监听...
2026-03-19 00:24:10,530 [INFO] 跳过（不符合规则）：C:\Users\Administrator\Desktop\nassync\A\BP\WAFER_MAP\BACKUP\G39S99.zip
2026-03-19 00:24:25,130 [INFO] 跳过（不符合规则）：C:\Users\Administrator\Desktop\nassync\A\BP\WAFER_MAP\BACKUP\G39S99 - 副本.zip
2026-03-19 00:24:25,130 [INFO] 跳过（不符合规则）：C:\Users\Administrator\Desktop\nassync\A\BP\WAFER_MAP\BACKUP\G39S99 - 副本.zip
2026-03-19 00:24:25,130 [INFO] 跳过（不符合规则）：C:\Users\Administrator\Desktop\nassync\A\BP\WAFER_MAP\BACKUP\G39S99 - 副本.zip
2026-03-19 00:24:26,286 [INFO] 跳过（不符合规则）：C:\Users\Administrator\Desktop\nassync\A\BP\WAFER_MAP\BACKUP\G39S99 - 副本.zip
2026-03-19 00:24:34,222 [INFO] 跳过（不符合规则）：C:\Users\Administrator\Desktop\nassync\A\BP\WAFER_MAP\BACKUP\G39S77.zip
2026-03-19 00:24:34,223 [INFO] 跳过（不符合规则）：C:\Users\Administrator\Desktop\nassync\A\BP\WAFER_MAP\BACKUP\G39S77.zip
2026-03-19 00:24:41,410 [INFO] 跳过（不符合规则）：C:\Users\Administrator\Desktop\nassync\A\BP\WAFER_MAP\BACKUP\__rzi_23152.21789.rartemp
2026-03-19 00:24:41,410 [INFO] 跳过（不符合规则）：C:\Users\Administrator\Desktop\nassync\A\BP\WAFER_MAP\BACKUP\__rzi_23152.21789.rartemp
2026-03-19 00:24:41,410 [INFO] 跳过（不符合规则）：C:\Users\Administrator\Desktop\nassync\A\BP\WAFER_MAP\BACKUP\__rzi_23152.21789.rartemp
2026-03-19 00:24:41,412 [INFO] 跳过（不符合规则）：C:\Users\Administrator\Desktop\nassync\A\BP\WAFER_MAP\BACKUP\__rzi_23152.21789.rartemp
2026-03-19 00:24:41,413 [INFO] 跳过（不符合规则）：C:\Users\Administrator\Desktop\nassync\A\BP\WAFER_MAP\BACKUP\G39S77.zip
2026-03-19 00:24:41,413 [INFO] 跳过（不符合规则）：C:\Users\Administrator\Desktop\nassync\A\BP\WAFER_MAP\BACKUP\G39S77.zip
2026-03-19 00:24:47,167 [INFO] 跳过（不符合规则）：C:\Users\Administrator\Desktop\nassync\A\BP\WAFER_MAP\BACKUP\__rzi_23152.22364.rartemp
2026-03-19 00:24:47,169 [INFO] 跳过（不符合规则）：C:\Users\Administrator\Desktop\nassync\A\BP\WAFER_MAP\BACKUP\__rzi_23152.22364.rartemp
2026-03-19 00:24:47,170 [INFO] 跳过（不符合规则）：C:\Users\Administrator\Desktop\nassync\A\BP\WAFER_MAP\BACKUP\G39S77.zip
2026-03-19 00:24:47,170 [INFO] 跳过（不符合规则）：C:\Users\Administrator\Desktop\nassync\A\BP\WAFER_MAP\BACKUP\G39S77.zip
2026-03-19 00:24:50,369 [INFO] 跳过（不符合规则）：C:\Users\Administrator\Desktop\nassync\A\BP\WAFER_MAP\BACKUP\__rzi_23152.22684.rartemp
2026-03-19 00:24:50,369 [INFO] 跳过（不符合规则）：C:\Users\Administrator\Desktop\nassync\A\BP\WAFER_MAP\BACKUP\__rzi_23152.22684.rartemp
2026-03-19 00:24:50,371 [INFO] 跳过（不符合规则）：C:\Users\Administrator\Desktop\nassync\A\BP\WAFER_MAP\BACKUP\__rzi_23152.22684.rartemp
2026-03-19 00:24:50,371 [INFO] 跳过（不符合规则）：C:\Users\Administrator\Desktop\nassync\A\BP\WAFER_MAP\BACKUP\G39S77.zip
2026-03-19 00:24:50,371 [INFO] 跳过（不符合规则）：C:\Users\Administrator\Desktop\nassync\A\BP\WAFER_MAP\BACKUP\G39S77.zip
2026-03-19 00:24:54,119 [INFO] 跳过（不符合规则）：C:\Users\Administrator\Desktop\nassync\A\BP\WAFER_MAP\BACKUP\__rzi_23152.23059.rartemp
2026-03-19 00:24:54,120 [INFO] 跳过（不符合规则）：C:\Users\Administrator\Desktop\nassync\A\BP\WAFER_MAP\BACKUP\__rzi_23152.23059.rartemp
2026-03-19 00:24:54,120 [INFO] 跳过（不符合规则）：C:\Users\Administrator\Desktop\nassync\A\BP\WAFER_MAP\BACKUP\G39S77.zip
2026-03-19 00:24:54,120 [INFO] 跳过（不符合规则）：C:\Users\Administrator\Desktop\nassync\A\BP\WAFER_MAP\BACKUP\G39S77.zip
2026-03-19 00:24:57,173 [INFO] 跳过（不符合规则）：C:\Users\Administrator\Desktop\nassync\A\BP\WAFER_MAP\BACKUP\__rzi_23152.23365.rartemp
2026-03-19 00:24:57,174 [INFO] 跳过（不符合规则）：C:\Users\Administrator\Desktop\nassync\A\BP\WAFER_MAP\BACKUP\__rzi_23152.23365.rartemp
2026-03-19 00:24:57,174 [INFO] 跳过（不符合规则）：C:\Users\Administrator\Desktop\nassync\A\BP\WAFER_MAP\BACKUP\G39S77.zip
2026-03-19 00:24:57,175 [INFO] 跳过（不符合规则）：C:\Users\Administrator\Desktop\nassync\A\BP\WAFER_MAP\BACKUP\G39S77.zip
2026-03-19 00:25:04,903 [INFO] 处理：C:\Users\Administrator\Desktop\nassync\A\BP\WAFER_MAP\G39S77.zip
2026-03-19 00:25:10,924 [INFO] 完成：C:\Users\Administrator\Desktop\nassync\A\BP\WAFER_MAP\G39S77.zip
2026-03-19 00:25:10,928 [INFO] 跳过（文件不存在，可能已处理）：C:\Users\Administrator\Desktop\nassync\A\BP\WAFER_MAP\G39S77.zip
2026-03-19 00:25:10,931 [INFO] 跳过（不符合规则）：C:\Users\Administrator\Desktop\nassync\A\BP\WAFER_MAP\BACKUP\G39S77.zip
2026-03-19 00:25:10,931 [INFO] 跳过（不符合规则）：C:\Users\Administrator\Desktop\nassync\A\BP\WAFER_MAP\BACKUP\G39S77.zip
2026-03-19 00:25:38,434 [INFO] 跳过（不符合规则）：C:\Users\Administrator\Desktop\nassync\A\BP\WAFER_MAP\BACKUP\G39S77 - 副本.zip
2026-03-19 00:25:38,434 [INFO] 跳过（不符合规则）：C:\Users\Administrator\Desktop\nassync\A\BP\WAFER_MAP\BACKUP\G39S77 - 副本.zip
2026-03-19 00:25:38,434 [INFO] 跳过（不符合规则）：C:\Users\Administrator\Desktop\nassync\A\BP\WAFER_MAP\BACKUP\G39S77 - 副本.zip
2026-03-19 00:25:43,605 [INFO] 跳过（不符合规则）：C:\Users\Administrator\Desktop\nassync\A\BP\WAFER_MAP\BACKUP\G39S78.zip
2026-03-19 00:25:43,605 [INFO] 跳过（不符合规则）：C:\Users\Administrator\Desktop\nassync\A\BP\WAFER_MAP\BACKUP\G39S78.zip
2026-03-19 00:25:44,760 [INFO] 跳过（不符合规则）：C:\Users\Administrator\Desktop\nassync\A\BP\WAFER_MAP\BACKUP\G39S78.zip
2026-03-19 00:25:50,112 [INFO] 跳过（不符合规则）：C:\Users\Administrator\Desktop\nassync\A\BP\WAFER_MAP\BACKUP\__rzi_3164.28659.rartemp
2026-03-19 00:25:50,112 [INFO] 跳过（不符合规则）：C:\Users\Administrator\Desktop\nassync\A\BP\WAFER_MAP\BACKUP\__rzi_3164.28659.rartemp
2026-03-19 00:25:50,112 [INFO] 跳过（不符合规则）：C:\Users\Administrator\Desktop\nassync\A\BP\WAFER_MAP\BACKUP\__rzi_3164.28659.rartemp
2026-03-19 00:25:50,114 [INFO] 跳过（不符合规则）：C:\Users\Administrator\Desktop\nassync\A\BP\WAFER_MAP\BACKUP\__rzi_3164.28659.rartemp
2026-03-19 00:25:50,115 [INFO] 跳过（不符合规则）：C:\Users\Administrator\Desktop\nassync\A\BP\WAFER_MAP\BACKUP\G39S78.zip
2026-03-19 00:25:50,115 [INFO] 跳过（不符合规则）：C:\Users\Administrator\Desktop\nassync\A\BP\WAFER_MAP\BACKUP\G39S78.zip
2026-03-19 00:25:58,334 [INFO] 跳过（不符合规则）：C:\Users\Administrator\Desktop\nassync\A\BP\WAFER_MAP\BACKUP\__rzi_3164.29481.rartemp
2026-03-19 00:25:58,334 [INFO] 跳过（不符合规则）：C:\Users\Administrator\Desktop\nassync\A\BP\WAFER_MAP\BACKUP\__rzi_3164.29481.rartemp
2026-03-19 00:25:58,336 [INFO] 跳过（不符合规则）：C:\Users\Administrator\Desktop\nassync\A\BP\WAFER_MAP\BACKUP\__rzi_3164.29481.rartemp
2026-03-19 00:25:58,336 [INFO] 跳过（不符合规则）：C:\Users\Administrator\Desktop\nassync\A\BP\WAFER_MAP\BACKUP\G39S78.zip
2026-03-19 00:25:58,337 [INFO] 跳过（不符合规则）：C:\Users\Administrator\Desktop\nassync\A\BP\WAFER_MAP\BACKUP\G39S78.zip
2026-03-19 00:26:01,718 [INFO] 跳过（不符合规则）：C:\Users\Administrator\Desktop\nassync\A\BP\WAFER_MAP\BACKUP\__rzi_3164.29819.rartemp
2026-03-19 00:26:01,720 [INFO] 跳过（不符合规则）：C:\Users\Administrator\Desktop\nassync\A\BP\WAFER_MAP\BACKUP\__rzi_3164.29819.rartemp
2026-03-19 00:26:01,721 [INFO] 跳过（不符合规则）：C:\Users\Administrator\Desktop\nassync\A\BP\WAFER_MAP\BACKUP\G39S78.zip
2026-03-19 00:26:01,721 [INFO] 跳过（不符合规则）：C:\Users\Administrator\Desktop\nassync\A\BP\WAFER_MAP\BACKUP\G39S78.zip
2026-03-19 00:26:10,308 [INFO] 处理：C:\Users\Administrator\Desktop\nassync\A\FBP\WAFER_MAP\G39S78.zip
2026-03-19 00:26:16,316 [WARNING] 跳过（MAP 文件名不符合 lot-wafer 规则）：G39S78.MAP
2026-03-19 00:26:16,320 [INFO] 完成：C:\Users\Administrator\Desktop\nassync\A\FBP\WAFER_MAP\G39S78.zip
2026-03-19 00:26:16,329 [INFO] 跳过（文件不存在，可能已处理）：C:\Users\Administrator\Desktop\nassync\A\FBP\WAFER_MAP\G39S78.zip
2026-03-19 00:26:16,334 [INFO] 跳过（不符合规则）：C:\Users\Administrator\Desktop\nassync\A\FBP\WAFER_MAP\BACKUP\G39S78.zip
2026-03-19 00:26:16,335 [INFO] 跳过（不符合规则）：C:\Users\Administrator\Desktop\nassync\A\FBP\WAFER_MAP\BACKUP\G39S78.zip
2026-03-19 00:28:01,347 [INFO] 跳过（不符合规则）：C:\Users\Administrator\Desktop\nassync\A\BP\WAFER_MAP\BACKUP\G39S23.zip
2026-03-19 00:28:01,347 [INFO] 跳过（不符合规则）：C:\Users\Administrator\Desktop\nassync\A\BP\WAFER_MAP\BACKUP\G39S77.zip
2026-03-19 00:28:01,347 [INFO] 跳过（不符合规则）：C:\Users\Administrator\Desktop\nassync\A\BP\WAFER_MAP\BACKUP\G39S88.zip
2026-03-19 00:28:01,347 [INFO] 跳过（不符合规则）：C:\Users\Administrator\Desktop\nassync\A\BP\WAFER_MAP\BACKUP\G39S94.zip
2026-03-19 00:28:01,347 [INFO] 跳过（不符合规则）：C:\Users\Administrator\Desktop\nassync\A\BP\WAFER_MAP\BACKUP\G39S95.zip
2026-03-19 00:28:01,347 [INFO] 跳过（不符合规则）：C:\Users\Administrator\Desktop\nassync\A\BP\WAFER_MAP\BACKUP\G39S99.zip
2026-03-19 00:28:01,347 [INFO] 跳过（不符合规则）：C:\Users\Administrator\Desktop\nassync\A\FBP\WAFER_MAP\BACKUP\G39S78.zip
2026-03-19 00:28:01,347 [INFO] 跳过（不符合规则）：C:\Users\Administrator\Desktop\nassync\A\FBP\WAFER_MAP\BACKUP\G39S96.zip
2026-03-19 00:28:01,347 [INFO] 跳过（不符合规则）：C:\Users\Administrator\Desktop\nassync\A\FBP\WAFER_MAP\BACKUP\G39S97.zip
2026-03-19 00:28:01,347 [INFO] 跳过（不符合规则）：C:\Users\Administrator\Desktop\nassync\A\FBP\WAFER_MAP\BACKUP\G39S98.zip
2026-03-19 00:28:01,348 [INFO] 启动监听...
2026-03-19 00:28:02,290 [INFO] Web 监控已启动：http://0.0.0.0:8080/dashboard
2026-03-19 00:28:04,153 [INFO] WEB 127.0.0.1 - "GET /dashboard HTTP/1.1" 200 -
2026-03-19 00:28:04,431 [INFO] WEB 127.0.0.1 - "GET /api/dashboard HTTP/1.1" 200 -
2026-03-19 00:28:04,492 [INFO] WEB 127.0.0.1 - "GET /favicon.ico HTTP/1.1" 404 -
2026-03-19 00:28:09,436 [INFO] WEB 127.0.0.1 - "GET /api/dashboard HTTP/1.1" 200 -
2026-03-19 00:28:14,432 [INFO] WEB 127.0.0.1 - "GET /api/dashboard HTTP/1.1" 200 -
2026-03-19 00:28:20,400 [INFO] WEB 127.0.0.1 - "GET /api/dashboard HTTP/1.1" 200 -
2026-03-19 00:28:24,891 [INFO] WEB 127.0.0.1 - "GET /api/dashboard HTTP/1.1" 200 -
2026-03-19 00:28:29,427 [INFO] WEB 127.0.0.1 - "GET /api/dashboard HTTP/1.1" 200 -
2026-03-19 00:28:34,444 [INFO] WEB 127.0.0.1 - "GET /api/dashboard HTTP/1.1" 200 -
2026-03-19 00:28:39,434 [INFO] WEB 127.0.0.1 - "GET /api/dashboard HTTP/1.1" 200 -
2026-03-19 00:28:44,428 [INFO] WEB 127.0.0.1 - "GET /api/dashboard HTTP/1.1" 200 -
2026-03-19 00:28:49,441 [INFO] WEB 127.0.0.1 - "GET /api/dashboard HTTP/1.1" 200 -
2026-03-19 00:28:54,429 [INFO] WEB 127.0.0.1 - "GET /api/dashboard HTTP/1.1" 200 -
2026-03-19 00:28:59,425 [INFO] WEB 127.0.0.1 - "GET /api/dashboard HTTP/1.1" 200 -
2026-03-19 00:29:04,446 [INFO] WEB 127.0.0.1 - "GET /api/dashboard HTTP/1.1" 200 -
